{
  message: '📋 Database connected successfully',
  level: 'info',
  label: 'Booking App',
  timestamp: '2023-10-16T14:11:36.864Z'
}
{
  message: 'Application listening on port 4000',
  level: 'info',
  label: 'Booking App',
  timestamp: '2023-10-16T14:11:36.876Z'
}
{
  message: '📋 Database connected successfully',
  level: 'info',
  label: 'Booking App',
  timestamp: '2023-10-16T14:39:55.597Z'
}
{
  message: 'Application listening on port 4000',
  level: 'info',
  label: 'Booking App',
  timestamp: '2023-10-16T14:39:55.634Z'
}
{
  message: '📋 Database connected successfully',
  level: 'info',
  label: 'Booking App',
  timestamp: '2023-10-16T14:48:06.551Z'
}
{
  message: 'Application listening on port 4000',
  level: 'info',
  label: 'Booking App',
  timestamp: '2023-10-16T14:48:06.567Z'
}
