{
  message: '📋 Database connected successfully',
  level: 'info',
  label: 'Booking App',
  timestamp: '2023-10-12T06:03:03.265Z'
}
{
  message: 'Application listening on port 4000',
  level: 'info',
  label: 'Booking App',
  timestamp: '2023-10-12T06:03:03.282Z'
}
{
  message: '📋 Database connected successfully',
  level: 'info',
  label: 'Booking App',
  timestamp: '2023-10-12T06:04:49.218Z'
}
{
  message: 'Application listening on port 4000',
  level: 'info',
  label: 'Booking App',
  timestamp: '2023-10-12T06:04:49.245Z'
}
{
  message: '📋 Database connected successfully',
  level: 'info',
  label: 'Booking App',
  timestamp: '2023-10-12T06:05:07.429Z'
}
{
  message: 'Application listening on port 4000',
  level: 'info',
  label: 'Booking App',
  timestamp: '2023-10-12T06:05:07.447Z'
}
{
  message: '📋 Database connected successfully',
  level: 'info',
  label: 'Booking App',
  timestamp: '2023-10-12T06:33:02.517Z'
}
{
  message: 'Application listening on port 4000',
  level: 'info',
  label: 'Booking App',
  timestamp: '2023-10-12T06:33:02.537Z'
}
{
  message: '📋 Database connected successfully',
  level: 'info',
  label: 'Booking App',
  timestamp: '2023-10-12T06:36:29.254Z'
}
{
  message: 'Application listening on port 4000',
  level: 'info',
  label: 'Booking App',
  timestamp: '2023-10-12T06:36:29.273Z'
}
{
  message: '📋 Database connected successfully',
  level: 'info',
  label: 'Booking App',
  timestamp: '2023-10-12T06:43:03.166Z'
}
{
  message: 'Application listening on port 4000',
  level: 'info',
  label: 'Booking App',
  timestamp: '2023-10-12T06:43:03.187Z'
}
{
  message: '📋 Database connected successfully',
  level: 'info',
  label: 'Booking App',
  timestamp: '2023-10-12T06:49:52.887Z'
}
{
  message: 'Application listening on port 4000',
  level: 'info',
  label: 'Booking App',
  timestamp: '2023-10-12T06:49:52.912Z'
}
{
  message: '📋 Database connected successfully',
  level: 'info',
  label: 'Booking App',
  timestamp: '2023-10-12T06:55:57.231Z'
}
{
  message: 'Application listening on port 4000',
  level: 'info',
  label: 'Booking App',
  timestamp: '2023-10-12T06:55:57.260Z'
}
{
  message: '📋 Database connected successfully',
  level: 'info',
  label: 'Booking App',
  timestamp: '2023-10-12T06:56:39.409Z'
}
{
  message: 'Application listening on port 4000',
  level: 'info',
  label: 'Booking App',
  timestamp: '2023-10-12T06:56:39.430Z'
}
{
  message: '📋 Database connected successfully',
  level: 'info',
  label: 'Booking App',
  timestamp: '2023-10-12T06:59:36.878Z'
}
{
  message: 'Application listening on port 4000',
  level: 'info',
  label: 'Booking App',
  timestamp: '2023-10-12T06:59:36.901Z'
}
