{
  message: '📋 Database connected successfully',
  level: 'info',
  label: 'Booking App',
  timestamp: '2023-10-12T04:32:57.880Z'
}
{
  message: 'Application listening on port 4000',
  level: 'info',
  label: 'Booking App',
  timestamp: '2023-10-12T04:32:57.901Z'
}
{
  message: '📋 Database connected successfully',
  level: 'info',
  label: 'Booking App',
  timestamp: '2023-10-12T04:36:19.814Z'
}
{
  message: 'Application listening on port 4000',
  level: 'info',
  label: 'Booking App',
  timestamp: '2023-10-12T04:36:19.828Z'
}
