{
  message: '📋 Database connected successfully',
  level: 'info',
  label: 'Booking App',
  timestamp: '2023-11-25T07:09:43.410Z'
}
{
  message: 'Application listening on port 4000',
  level: 'info',
  label: 'Booking App',
  timestamp: '2023-11-25T07:09:43.430Z'
}
{
  message: '📋 Database connected successfully',
  level: 'info',
  label: 'Booking App',
  timestamp: '2023-11-25T07:10:23.336Z'
}
{
  message: 'Application listening on port 4000',
  level: 'info',
  label: 'Booking App',
  timestamp: '2023-11-25T07:10:23.353Z'
}
{
  message: '📋 Database connected successfully',
  level: 'info',
  label: 'Booking App',
  timestamp: '2023-11-25T07:10:49.253Z'
}
{
  message: 'Application listening on port 4000',
  level: 'info',
  label: 'Booking App',
  timestamp: '2023-11-25T07:10:49.273Z'
}
{
  message: '📋 Database connected successfully',
  level: 'info',
  label: 'Booking App',
  timestamp: '2023-11-25T07:12:09.119Z'
}
{
  message: 'Application listening on port 4000',
  level: 'info',
  label: 'Booking App',
  timestamp: '2023-11-25T07:12:09.137Z'
}
{
  message: '📋 Database connected successfully',
  level: 'info',
  label: 'Booking App',
  timestamp: '2023-11-25T07:12:46.091Z'
}
{
  message: 'Application listening on port 4000',
  level: 'info',
  label: 'Booking App',
  timestamp: '2023-11-25T07:12:46.110Z'
}
{
  message: '📋 Database connected successfully',
  level: 'info',
  label: 'Booking App',
  timestamp: '2023-11-25T07:13:50.824Z'
}
{
  message: 'Application listening on port 4000',
  level: 'info',
  label: 'Booking App',
  timestamp: '2023-11-25T07:13:50.843Z'
}
{
  message: '📋 Database connected successfully',
  level: 'info',
  label: 'Booking App',
  timestamp: '2023-11-25T07:14:31.667Z'
}
{
  message: 'Application listening on port 4000',
  level: 'info',
  label: 'Booking App',
  timestamp: '2023-11-25T07:14:31.685Z'
}
{
  message: '📋 Database connected successfully',
  level: 'info',
  label: 'Booking App',
  timestamp: '2023-11-25T07:17:51.868Z'
}
{
  message: 'Application listening on port 4000',
  level: 'info',
  label: 'Booking App',
  timestamp: '2023-11-25T07:17:51.897Z'
}
