{
  code: 'EADDRINUSE',
  errno: -4091,
  syscall: 'listen',
  address: '::',
  port: 4000,
  level: 'error',
  label: 'Booking App',
  timestamp: '2023-10-20T00:00:07.155Z'
}
{
  code: 'EADDRINUSE',
  errno: -4091,
  syscall: 'listen',
  address: '::',
  port: 4000,
  level: 'error',
  label: 'Booking App',
  timestamp: '2023-10-20T00:02:18.054Z'
}
{
  code: 'EADDRINUSE',
  errno: -4091,
  syscall: 'listen',
  address: '::',
  port: 4000,
  level: 'error',
  label: 'Booking App',
  timestamp: '2023-10-20T00:02:46.146Z'
}
{
  code: 'EADDRINUSE',
  errno: -4091,
  syscall: 'listen',
  address: '::',
  port: 4000,
  level: 'error',
  label: 'Booking App',
  timestamp: '2023-10-20T00:02:58.041Z'
}
